The system is: Windows - 10.0.17763 - AMD64
Compiling the C compiler identification source file "CMakeCCompilerId.c" succeeded.
Compiler: C:/vs/ide/VC/Tools/MSVC/14.24.28314/bin/HostX64/x64/cl.exe 
Build flags: 
Id flags:  

The output was:
0
Microsoft (R) C/C++ Optimizing Compiler Version 19.24.28319 for x64
Copyright (C) Microsoft Corporation.  All rights reserved.

CMakeCCompilerId.c
Microsoft (R) Incremental Linker Version 14.24.28319.0
Copyright (C) Microsoft Corporation.  All rights reserved.

/out:CMakeCCompilerId.exe 
CMakeCCompilerId.obj 


Compilation of the C compiler identification source "CMakeCCompilerId.c" produced "CMakeCCompilerId.exe"

Compilation of the C compiler identification source "CMakeCCompilerId.c" produced "CMakeCCompilerId.obj"

The C compiler identification is MSVC, found in "D:/msys64/home/NT/hatari-ntxc/out/build/x64-Debug/CMakeFiles/3.15.19101501-MSVC_2/CompilerIdC/CMakeCCompilerId.exe"

Determining if the C compiler works passed with the following output:
Change Dir: D:/msys64/home/NT/hatari-ntxc/out/build/x64-Debug/CMakeFiles/CMakeTmp

Run Build Command(s):C:\VS\IDE\COMMON7\IDE\COMMONEXTENSIONS\MICROSOFT\CMAKE\Ninja\ninja.exe cmTC_0a20f && [1/2] Building C object CMakeFiles\cmTC_0a20f.dir\testCCompiler.c.obj
[2/2] Linking C executable cmTC_0a20f.exe



Detecting C compiler ABI info compiled with the following output:
Change Dir: D:/msys64/home/NT/hatari-ntxc/out/build/x64-Debug/CMakeFiles/CMakeTmp

Run Build Command(s):C:\VS\IDE\COMMON7\IDE\COMMONEXTENSIONS\MICROSOFT\CMAKE\Ninja\ninja.exe cmTC_698fe && [1/2] Building C object CMakeFiles\cmTC_698fe.dir\CMakeCCompilerABI.c.obj
[2/2] Linking C executable cmTC_698fe.exe



